\BOOKMARK [1][-]{Doc-Start}{\376\377\000S\000e\000z\000n\000a\000m\000\040\000p\000o\000u\001\176\000i\000t\000\375\000c\000h\000\040\000z\000k\000r\000a\000t\000e\000k\000\040\000a\000\040\000s\000y\000m\000b\000o\000l\001\157}{}% 1
\BOOKMARK [1][-]{Doc-Start}{\376\377\000S\000e\000z\000n\000a\000m\000\040\000o\000b\000r\000\341\000z\000k\001\157}{}% 2
\BOOKMARK [1][-]{Doc-Start}{Seznam\040tabulek}{}% 3
\BOOKMARK [1][-]{Doc-Start}{\376\377\000S\000e\000z\000n\000a\000m\000\040\000v\000\375\000p\000i\000s\001\157\000\040\000z\000d\000r\000o\000j\000o\000v\000\351\000h\000o\000\040\000k\000\363\000d\000u}{}% 4
\BOOKMARK [1][-]{section.1}{\332vod}{}% 5
\BOOKMARK [1][-]{section.2}{Simulace}{}% 6
\BOOKMARK [2][-]{subsection.2.1}{Simulace\040davu}{section.2}% 7
\BOOKMARK [2][-]{subsection.2.2}{\376\377\001\014\000\341\000s\000t\000i\000c\000o\000v\000\341\000\040\000s\000i\000m\000u\000l\000a\000c\000e}{section.2}% 8
\BOOKMARK [2][-]{subsection.2.3}{Simulace\040na\040b\341zi\040AI\040\(Artificial\040Intelligence\)}{section.2}% 9
\BOOKMARK [2][-]{subsection.2.4}{\376\377\000B\000o\000i\000d\001\157\000v\000\040\000a\000l\000g\000o\000r\000i\000t\000m\000u\000s}{section.2}% 10
\BOOKMARK [2][-]{subsection.2.5}{Separace}{section.2}% 11
\BOOKMARK [2][-]{subsection.2.6}{Zarovn\341n\355}{section.2}% 12
\BOOKMARK [2][-]{subsection.2.7}{Koheze}{section.2}% 13
\BOOKMARK [2][-]{subsection.2.8}{\376\377\000A\000p\000l\000i\000k\000o\000v\000\341\000n\000\355\000\040\000t\001\131\000\355\000\040\000p\000r\000a\000v\000i\000d\000e\000l}{section.2}% 14
\BOOKMARK [1][-]{section.3}{Implementace}{}% 15
\BOOKMARK [2][-]{subsection.3.1}{\376\377\000P\000o\000p\000i\000s\000\040\000r\000e\000a\000l\000i\000z\000a\000c\000e\000\040\000d\000e\000m\000o\000n\000s\000t\000r\000a\001\015\000n\000\355\000\040\000a\000p\000l\000i\000k\000a\000c\000e}{section.3}% 16
\BOOKMARK [2][-]{subsection.3.2}{Pou\236it\351\040technologie}{section.3}% 17
\BOOKMARK [2][-]{subsection.3.3}{\376\377\000P\000r\000o\000b\000l\000\351\000m\000y\000\040\000p\001\131\000i\000\040\000i\000m\000p\000l\000e\000m\000e\000n\000t\000a\000c\000i}{section.3}% 18
\BOOKMARK [2][-]{subsection.3.4}{Steering\040behaviors}{section.3}% 19
\BOOKMARK [2][-]{subsection.3.5}{\376\377\000T\001\131\000\355\000d\000n\000\355\000\040\000d\000i\000a\000g\000r\000a\000m}{section.3}% 20
\BOOKMARK [2][-]{subsection.3.6}{V\375sledn\351\040aplikov\341n\355\040pravidel}{section.3}% 21
\BOOKMARK [2][-]{subsection.3.7}{\332nik\040z\040budovy}{section.3}% 22
\BOOKMARK [2][-]{subsection.3.8}{Testov\341n\355\040\372niku\040z\040budovy}{section.3}% 23
\BOOKMARK [2][-]{subsection.3.9}{\376\377\000K\000o\000n\000f\000i\000g\000u\000r\000a\001\015\000n\000\355\000\040\000s\000o\000u\000b\000o\000r}{section.3}% 24
\BOOKMARK [2][-]{subsection.3.10}{Simulace\040hejna\040ryb}{section.3}% 25
\BOOKMARK [1][-]{section.4}{Zhodnocen\355}{}% 26
\BOOKMARK [1][-]{section.5}{\376\377\000Z\000\341\000v\001\033\000r}{}% 27
\BOOKMARK [1][-]{section.5}{Reference}{}% 28
\BOOKMARK [1][-]{section.5}{\376\377\000P\001\131\000\355\000l\000o\000h\000y}{}% 29
\BOOKMARK [1][-]{appendix.A}{\376\377\000P\001\131\000\355\000l\000o\000h\000y}{}% 30
